2023-07-14T16:31:08.327957 INFO   [main] [Bolt::Logger] Loaded project from '/root/test/secure_linux_cis'
2023-07-14T16:31:08.376490 DEBUG  [main] [Bolt::Executor] Started with 100 max thread(s)
2023-07-14T16:31:08.993975 DEBUG  [main] [Bolt::PAL] Loading modules from /opt/puppetlabs/bolt/lib/ruby/gems/2.7.0/gems/bolt-3.27.1/bolt-modules:/root/test/secure_linux_cis/modules:/root/test/secure_linux_cis/.modules:/opt/puppetlabs/bolt/lib/ruby/gems/2.7.0/gems/bolt-3.27.1/modules
2023-07-14T16:31:08.994399 DEBUG  [main] [Bolt::Inventory] Tried to load inventory from /root/test/secure_linux_cis/inventory.yaml, but the file does not exist
2023-07-14T16:31:09.391354 INFO   [main] [Bolt::R10KLogProxy] Using Puppetfile '/root/test/secure_linux_cis/Puppetfile'
2023-07-14T16:31:09.391472 DEBUG  [main] [Bolt::R10KLogProxy] Using moduledir '/root/test/secure_linux_cis/.modules'
2023-07-14T16:31:09.398606 DEBUG  [main] [Bolt::R10KLogProxy] Updating modules with 4 threads
2023-07-14T16:31:09.400636 INFO   [] [Bolt::R10KLogProxy] Deploying module to /root/test/secure_linux_cis/.modules/chrony
2023-07-14T16:31:09.410547 INFO   [] [Bolt::R10KLogProxy] Deploying module to /root/test/secure_linux_cis/.modules/exec
2023-07-14T16:31:09.410969 INFO   [] [Bolt::R10KLogProxy] Deploying module to /root/test/secure_linux_cis/.modules/lvm
2023-07-14T16:31:09.411210 INFO   [] [Bolt::R10KLogProxy] Deploying module to /root/test/secure_linux_cis/.modules/augeasproviders_shellvar
2023-07-14T16:31:09.411431 INFO   [] [Bolt::R10KLogProxy] Deploying module to /root/test/secure_linux_cis/.modules/augeasproviders_grub
2023-07-14T16:31:09.411637 INFO   [] [Bolt::R10KLogProxy] Deploying module to /root/test/secure_linux_cis/.modules/cron
2023-07-14T16:31:09.411891 INFO   [] [Bolt::R10KLogProxy] Deploying module to /root/test/secure_linux_cis/.modules/mount_core
2023-07-14T16:31:09.412011 INFO   [] [Bolt::R10KLogProxy] Deploying module to /root/test/secure_linux_cis/.modules/auditd
2023-07-14T16:31:09.412607 INFO   [] [Bolt::R10KLogProxy] Deploying module to /root/test/secure_linux_cis/.modules/reboot
2023-07-14T16:31:09.412865 INFO   [] [Bolt::R10KLogProxy] Deploying module to /root/test/secure_linux_cis/.modules/puppet_agent
2023-07-14T16:31:09.413187 INFO   [] [Bolt::R10KLogProxy] Deploying module to /root/test/secure_linux_cis/.modules/ntp
2023-07-14T16:31:09.413476 INFO   [] [Bolt::R10KLogProxy] Deploying module to /root/test/secure_linux_cis/.modules/mailalias_core
2023-07-14T16:31:09.412345 INFO   [] [Bolt::R10KLogProxy] Deploying module to /root/test/secure_linux_cis/.modules/stdlib
2023-07-14T16:31:09.417921 INFO   [] [Bolt::R10KLogProxy] Deploying module to /root/test/secure_linux_cis/.modules/inifile
2023-07-14T16:31:09.418151 INFO   [] [Bolt::R10KLogProxy] Deploying module to /root/test/secure_linux_cis/.modules/firewall
2023-07-14T16:31:09.418511 INFO   [] [Bolt::R10KLogProxy] Deploying module to /root/test/secure_linux_cis/.modules/concat
2023-07-14T16:31:09.418761 INFO   [] [Bolt::R10KLogProxy] Deploying module to /root/test/secure_linux_cis/.modules/augeas_core
2023-07-14T16:31:09.418948 INFO   [] [Bolt::R10KLogProxy] Deploying module to /root/test/secure_linux_cis/.modules/systemd
2023-07-14T16:31:09.419152 INFO   [] [Bolt::R10KLogProxy] Deploying module to /root/test/secure_linux_cis/.modules/selinux
2023-07-14T16:31:09.419486 INFO   [] [Bolt::R10KLogProxy] Deploying module to /root/test/secure_linux_cis/.modules/postfix
2023-07-14T16:31:09.419684 INFO   [] [Bolt::R10KLogProxy] Deploying module to /root/test/secure_linux_cis/.modules/logrotate
2023-07-14T16:31:09.419881 INFO   [] [Bolt::R10KLogProxy] Deploying module to /root/test/secure_linux_cis/.modules/kmod
2023-07-14T16:31:09.420084 INFO   [] [Bolt::R10KLogProxy] Deploying module to /root/test/secure_linux_cis/.modules/firewalld
2023-07-14T16:31:09.420275 INFO   [] [Bolt::R10KLogProxy] Deploying module to /root/test/secure_linux_cis/.modules/alternatives
2023-07-14T16:31:09.420514 INFO   [] [Bolt::R10KLogProxy] Deploying module to /root/test/secure_linux_cis/.modules/augeas
2023-07-14T16:31:09.420712 INFO   [] [Bolt::R10KLogProxy] Deploying module to /root/test/secure_linux_cis/.modules/apt
2023-07-14T16:31:09.420911 INFO   [] [Bolt::R10KLogProxy] Deploying module to /root/test/secure_linux_cis/.modules/facts
2023-07-14T16:31:09.421118 INFO   [] [Bolt::R10KLogProxy] Deploying module to /root/test/secure_linux_cis/.modules/augeasproviders_core
2023-07-14T16:31:09.421309 INFO   [] [Bolt::R10KLogProxy] Deploying module to /root/test/secure_linux_cis/.modules/augeasproviders_pam
2023-07-14T16:31:09.421588 INFO   [] [Bolt::R10KLogProxy] Deploying module to /root/test/secure_linux_cis/.modules/augeasproviders_sysctl
2023-07-14T16:31:09.421804 INFO   [] [Bolt::R10KLogProxy] Deploying module to /root/test/secure_linux_cis/.modules/service
2023-07-14T16:31:09.422045 INFO   [] [Bolt::R10KLogProxy] Deploying module to /root/test/secure_linux_cis/.modules/package
2023-07-14T16:31:09.422355 DEBUG  [] [Bolt::R10KLogProxy] Module thread 10280 exiting: queue empty
2023-07-14T16:31:09.422577 DEBUG  [] [Bolt::R10KLogProxy] Module thread 10300 exiting: queue empty
2023-07-14T16:31:09.422909 DEBUG  [] [Bolt::R10KLogProxy] Module thread 10320 exiting: queue empty
2023-07-14T16:31:09.646037 DEBUG  [] [Bolt::R10KLogProxy] Using cached copy of puppet-chrony-3.0.0 tarball
2023-07-14T16:31:09.646099 DEBUG  [] [Bolt::R10KLogProxy] Verifying that /root/.r10k/cache/puppet-chrony-3.0.0/tarball/puppet-chrony-3.0.0.tar.gz matches checksum
2023-07-14T16:31:09.647165 DEBUG  [] [Bolt::R10KLogProxy] Unpacking /root/.r10k/cache/puppet-chrony-3.0.0/tarball/puppet-chrony-3.0.0.tar.gz to /root/test/secure_linux_cis/.modules/chrony (with tmpdir /tmp/d20230714-13924-1xss5rf/puppet-chrony-3.0.0)
2023-07-14T16:31:09.695870 DEBUG  [] [Bolt::R10KLogProxy] Valid files unpacked: ["puppet-chrony-3.0.0", "puppet-chrony-3.0.0/CHANGELOG.md", "puppet-chrony-3.0.0/CONTRIBUTORS", "puppet-chrony-3.0.0/HISTORY.md", "puppet-chrony-3.0.0/LICENSE", "puppet-chrony-3.0.0/README.md", "puppet-chrony-3.0.0/REFERENCE.md", "puppet-chrony-3.0.0/data", "puppet-chrony-3.0.0/data/Archlinux.yaml", "puppet-chrony-3.0.0/data/Gentoo.yaml", "puppet-chrony-3.0.0/data/RedHat", "puppet-chrony-3.0.0/data/RedHat/9.yaml", "puppet-chrony-3.0.0/data/RedHat.yaml", "puppet-chrony-3.0.0/data/Suse.yaml", "puppet-chrony-3.0.0/examples", "puppet-chrony-3.0.0/examples/init.pp", "puppet-chrony-3.0.0/functions", "puppet-chrony-3.0.0/functions/server_array_to_hash.pp", "puppet-chrony-3.0.0/hiera.yaml", "puppet-chrony-3.0.0/manifests", "puppet-chrony-3.0.0/manifests/config.pp", "puppet-chrony-3.0.0/manifests/init.pp", "puppet-chrony-3.0.0/manifests/install.pp", "puppet-chrony-3.0.0/manifests/service.pp", "puppet-chrony-3.0.0/metadata.json", "puppet-chrony-3.0.0/templates", "puppet-chrony-3.0.0/templates/chrony.conf.epp", "puppet-chrony-3.0.0/templates/chrony.keys.epp", "puppet-chrony-3.0.0/types", "puppet-chrony-3.0.0/types/servers.pp"]
2023-07-14T16:31:09.696201 DEBUG  [] [Bolt::R10KLogProxy] Module thread 10340 exiting: queue empty
2023-07-14T16:31:09.698995 DEBUG  [main] [Bolt::R10KLogProxy] No unmanaged contents in /root/test/secure_linux_cis/.modules, nothing to purge
2023-07-14T16:31:10.669714 WARN   [main] [Puppet] Enum parameters must be identifiers or strings
   (file & line not available)
2023-07-14T16:31:11.244370 INFO   [main] [Puppet] Generating Puppet resource types.
2023-07-14T16:31:11.334346 INFO   [main] [Puppet] Generating '/root/test/secure_linux_cis/.resource_types/cron.pp' using 'pcore' format.
2023-07-14T16:31:11.360107 INFO   [main] [Puppet] Generating '/root/test/secure_linux_cis/.resource_types/host.pp' using 'pcore' format.
2023-07-14T16:31:11.408161 INFO   [main] [Puppet] Generating '/root/test/secure_linux_cis/.resource_types/scheduled_task.pp' using 'pcore' format.
2023-07-14T16:31:11.430592 INFO   [main] [Puppet] Generating '/root/test/secure_linux_cis/.resource_types/selboolean.pp' using 'pcore' format.
2023-07-14T16:31:11.456509 INFO   [main] [Puppet] Generating '/root/test/secure_linux_cis/.resource_types/selmodule.pp' using 'pcore' format.
2023-07-14T16:31:11.490055 INFO   [main] [Puppet] Generating '/root/test/secure_linux_cis/.resource_types/ssh_authorized_key.pp' using 'pcore' format.
2023-07-14T16:31:11.514729 INFO   [main] [Puppet] Generating '/root/test/secure_linux_cis/.resource_types/sshkey.pp' using 'pcore' format.
2023-07-14T16:31:11.569120 INFO   [main] [Puppet] Generating '/root/test/secure_linux_cis/.resource_types/yumrepo.pp' using 'pcore' format.
2023-07-14T16:31:11.600092 INFO   [main] [Puppet] Generating '/root/test/secure_linux_cis/.resource_types/zfs.pp' using 'pcore' format.
2023-07-14T16:31:11.625177 INFO   [main] [Puppet] Generating '/root/test/secure_linux_cis/.resource_types/zpool.pp' using 'pcore' format.
2023-07-14T16:31:11.657805 INFO   [main] [Puppet] Generating '/root/test/secure_linux_cis/.resource_types/zone.pp' using 'pcore' format.
2023-07-14T16:31:11.711879 INFO   [main] [Puppet] Generating '/root/test/secure_linux_cis/.resource_types/alternative_entry.pp' using 'pcore' format.
2023-07-14T16:31:11.761056 INFO   [main] [Puppet] Generating '/root/test/secure_linux_cis/.resource_types/alternatives.pp' using 'pcore' format.
2023-07-14T16:31:11.803913 INFO   [main] [Puppet] Generating '/root/test/secure_linux_cis/.resource_types/apt_key.pp' using 'pcore' format.
2023-07-14T16:31:11.840057 INFO   [main] [Puppet] Generating '/root/test/secure_linux_cis/.resource_types/augeas.pp' using 'pcore' format.
2023-07-14T16:31:11.865843 INFO   [main] [Puppet] Generating '/root/test/secure_linux_cis/.resource_types/augeasprovider.pp' using 'pcore' format.
2023-07-14T16:31:11.888690 INFO   [main] [Puppet] Generating '/root/test/secure_linux_cis/.resource_types/grub_config.pp' using 'pcore' format.
2023-07-14T16:31:11.929796 INFO   [main] [Puppet] Generating '/root/test/secure_linux_cis/.resource_types/grub_menuentry.pp' using 'pcore' format.
2023-07-14T16:31:11.957359 INFO   [main] [Puppet] Generating '/root/test/secure_linux_cis/.resource_types/grub_user.pp' using 'pcore' format.
2023-07-14T16:31:11.981906 INFO   [main] [Puppet] Generating '/root/test/secure_linux_cis/.resource_types/kernel_parameter.pp' using 'pcore' format.
2023-07-14T16:31:12.011471 INFO   [main] [Puppet] Generating '/root/test/secure_linux_cis/.resource_types/pam.pp' using 'pcore' format.
2023-07-14T16:31:12.041425 INFO   [main] [Puppet] Generating '/root/test/secure_linux_cis/.resource_types/shellvar.pp' using 'pcore' format.
2023-07-14T16:31:12.067453 INFO   [main] [Puppet] Generating '/root/test/secure_linux_cis/.resource_types/sysctl.pp' using 'pcore' format.
2023-07-14T16:31:12.169717 INFO   [main] [Puppet] Generating '/root/test/secure_linux_cis/.resource_types/concat_file.pp' using 'pcore' format.
2023-07-14T16:31:12.183310 INFO   [main] [Puppet] Generating '/root/test/secure_linux_cis/.resource_types/concat_fragment.pp' using 'pcore' format.
2023-07-14T16:31:13.561331 INFO   [main] [Puppet] Generating '/root/test/secure_linux_cis/.resource_types/firewall.pp' using 'pcore' format.
2023-07-14T16:31:13.595902 INFO   [main] [Puppet] Generating '/root/test/secure_linux_cis/.resource_types/firewallchain.pp' using 'pcore' format.
2023-07-14T16:31:13.625049 INFO   [main] [Puppet] Generating '/root/test/secure_linux_cis/.resource_types/firewalld_custom_service.pp' using 'pcore' format.
2023-07-14T16:31:13.652141 INFO   [main] [Puppet] Generating '/root/test/secure_linux_cis/.resource_types/firewalld_direct_chain.pp' using 'pcore' format.
2023-07-14T16:31:13.677511 INFO   [main] [Puppet] Generating '/root/test/secure_linux_cis/.resource_types/firewalld_direct_passthrough.pp' using 'pcore' format.
2023-07-14T16:31:13.728673 INFO   [main] [Puppet] Generating '/root/test/secure_linux_cis/.resource_types/firewalld_direct_purge.pp' using 'pcore' format.
2023-07-14T16:31:13.734471 INFO   [main] [Puppet] Generating '/root/test/secure_linux_cis/.resource_types/firewalld_direct_rule.pp' using 'pcore' format.
2023-07-14T16:31:13.765450 INFO   [main] [Puppet] Generating '/root/test/secure_linux_cis/.resource_types/firewalld_ipset.pp' using 'pcore' format.
2023-07-14T16:31:13.790665 INFO   [main] [Puppet] Generating '/root/test/secure_linux_cis/.resource_types/firewalld_port.pp' using 'pcore' format.
2023-07-14T16:31:13.818185 INFO   [main] [Puppet] Generating '/root/test/secure_linux_cis/.resource_types/firewalld_rich_rule.pp' using 'pcore' format.
2023-07-14T16:31:13.839618 INFO   [main] [Puppet] Generating '/root/test/secure_linux_cis/.resource_types/firewalld_service.pp' using 'pcore' format.
2023-07-14T16:31:13.873627 INFO   [main] [Puppet] Generating '/root/test/secure_linux_cis/.resource_types/firewalld_zone.pp' using 'pcore' format.
2023-07-14T16:31:13.909440 INFO   [main] [Puppet] Generating '/root/test/secure_linux_cis/.resource_types/ini_setting.pp' using 'pcore' format.
2023-07-14T16:31:13.943209 INFO   [main] [Puppet] Generating '/root/test/secure_linux_cis/.resource_types/ini_subsetting.pp' using 'pcore' format.
2023-07-14T16:31:14.007982 INFO   [main] [Puppet] Generating '/root/test/secure_linux_cis/.resource_types/filesystem.pp' using 'pcore' format.
2023-07-14T16:31:14.055428 INFO   [main] [Puppet] Generating '/root/test/secure_linux_cis/.resource_types/logical_volume.pp' using 'pcore' format.
2023-07-14T16:31:14.080131 INFO   [main] [Puppet] Generating '/root/test/secure_linux_cis/.resource_types/physical_volume.pp' using 'pcore' format.
2023-07-14T16:31:14.108727 INFO   [main] [Puppet] Generating '/root/test/secure_linux_cis/.resource_types/volume_group.pp' using 'pcore' format.
2023-07-14T16:31:14.135868 INFO   [main] [Puppet] Generating '/root/test/secure_linux_cis/.resource_types/mailalias.pp' using 'pcore' format.
2023-07-14T16:31:14.216259 INFO   [main] [Puppet] Generating '/root/test/secure_linux_cis/.resource_types/mount.pp' using 'pcore' format.
2023-07-14T16:31:14.258306 INFO   [main] [Puppet] Generating '/root/test/secure_linux_cis/.resource_types/puppet_agent_end_run.pp' using 'pcore' format.
2023-07-14T16:31:14.310758 INFO   [main] [Puppet] Generating '/root/test/secure_linux_cis/.resource_types/puppet_agent_upgrade_error.pp' using 'pcore' format.
2023-07-14T16:31:14.390350 INFO   [main] [Puppet] Generating '/root/test/secure_linux_cis/.resource_types/reboot.pp' using 'pcore' format.
2023-07-14T16:31:14.445556 INFO   [main] [Puppet] Generating '/root/test/secure_linux_cis/.resource_types/selinux_fcontext.pp' using 'pcore' format.
2023-07-14T16:31:14.466540 INFO   [main] [Puppet] Generating '/root/test/secure_linux_cis/.resource_types/selinux_fcontext_equivalence.pp' using 'pcore' format.
2023-07-14T16:31:14.490207 INFO   [main] [Puppet] Generating '/root/test/secure_linux_cis/.resource_types/selinux_permissive.pp' using 'pcore' format.
2023-07-14T16:31:14.561036 INFO   [main] [Puppet] Generating '/root/test/secure_linux_cis/.resource_types/selinux_port.pp' using 'pcore' format.
2023-07-14T16:31:14.574756 INFO   [main] [Puppet] Generating '/root/test/secure_linux_cis/.resource_types/anchor.pp' using 'pcore' format.
2023-07-14T16:31:14.619411 INFO   [main] [Puppet] Generating '/root/test/secure_linux_cis/.resource_types/file_line.pp' using 'pcore' format.
2023-07-14T16:31:14.642921 INFO   [main] [Puppet] Generating '/root/test/secure_linux_cis/.resource_types/loginctl_user.pp' using 'pcore' format.
